#
# There is insufficient memory for the Java Runtime Environment to continue.
# Native memory allocation (malloc) failed to allocate 422336 bytes for Chunk::new
# Possible reasons:
#   The system is out of physical RAM or swap space
#   The process is running with CompressedOops enabled, and the Java Heap may be blocking the growth of the native heap
# Possible solutions:
#   Reduce memory load on the system
#   Increase physical memory or swap space
#   Check if swap backing store is full
#   Decrease Java heap size (-Xmx/-Xms)
#   Decrease number of Java threads
#   Decrease Java thread stack sizes (-Xss)
#   Set larger code cache with -XX:ReservedCodeCacheSize=
#   JVM is running with Unscaled Compressed Oops mode in which the Java heap is
#     placed in the first 4GB address space. The Java Heap base address is the
#     maximum limit for the native heap growth. Please use -XX:HeapBaseMinAddress
#     to set the Java Heap base and to place the Java Heap above 4GB virtual address.
# This output file may be truncated or incomplete.
#
#  Out of Memory Error (./src/hotspot/share/memory/arena.cpp:197), pid=6708, tid=8144
#
# JRE version: OpenJDK Runtime Environment JBR-11.0.11.9-1504.13-jcef (11.0.11+9) (build 11.0.11+9-b1504.13)
# Java VM: OpenJDK 64-Bit Server VM JBR-11.0.11.9-1504.13-jcef (11.0.11+9-b1504.13, mixed mode, tiered, compressed oops, g1 gc, windows-amd64)
# No core dump will be written. Minidumps are not enabled by default on client versions of Windows
#

---------------  S U M M A R Y ------------

Command Line: -Djava.rmi.server.hostname=127.0.0.1 -Duser.timezone=UTC -Xmx947m -Xms128m -Dfile.encoding=UTF-8 com.intellij.database.remote.RemoteJdbcServer com.mysql.cj.jdbc.Driver

Host: AMD Ryzen 5 4500U with Radeon Graphics         , 6 cores, 7G,  Windows 10 , 64 bit Build 19041 (10.0.19041.1151)
Time: Sun Sep  5 12:58:38 2021 GTB Daylight Time elapsed time: 2.018593 seconds (0d 0h 0m 2s)

---------------  T H R E A D  ---------------

Current thread (0x000002964ed30800):  JavaThread "C2 CompilerThread0" daemon [_thread_in_native, id=8144, stack(0x000000e3fa400000,0x000000e3fa500000)]


Current CompileTask:
C2:   2018 1718 %     4       sun.security.provider.SHA::implCompress0 @ 3 (482 bytes)

Stack: [0x000000e3fa400000,0x000000e3fa500000]
Native frames: (J=compiled Java code, j=interpreted, Vv=VM code, C=native code)
V  [jvm.dll+0x5f5d5a]
V  [jvm.dll+0x7798b5]
V  [jvm.dll+0x77aecd]
V  [jvm.dll+0x77b583]
V  [jvm.dll+0x244978]
V  [jvm.dll+0xbd56c]
V  [jvm.dll+0xbda6c]
V  [jvm.dll+0x2b7934]
V  [jvm.dll+0x50a7cb]
V  [jvm.dll+0x2053f3]
V  [jvm.dll+0x1fef50]
V  [jvm.dll+0x1fc66f]
V  [jvm.dll+0x18626c]
V  [jvm.dll+0x20b187]
V  [jvm.dll+0x2099d1]
V  [jvm.dll+0x74194f]
V  [jvm.dll+0x73a415]
V  [jvm.dll+0x5f4c66]
C  [ucrtbase.dll+0x21bb2]
C  [KERNEL32.DLL+0x17034]
C  [ntdll.dll+0x52651]


---------------  P R O C E S S  ---------------

Threads class SMR info:
_java_thread_list=0x0000029650d99580, length=19, elements={
0x0000029636d1b000, 0x000002964ed14000, 0x000002964ed15000, 0x000002964f6d2800,
0x000002964ed2c000, 0x000002964ed2e000, 0x000002964ed30800, 0x000002964ed43800,
0x000002964ed46000, 0x000002964f816800, 0x000002964f912000, 0x000002964fb4f000,
0x000002964fb2f800, 0x000002964fba0800, 0x000002964fba7000, 0x000002964fdb8800,
0x00000296500f7800, 0x0000029650127800, 0x000002964fc70000
}

Java Threads: ( => current thread )
  0x0000029636d1b000 JavaThread "main" [_thread_blocked, id=10784, stack(0x000000e3f9800000,0x000000e3f9900000)]
  0x000002964ed14000 JavaThread "Reference Handler" daemon [_thread_blocked, id=4020, stack(0x000000e3f9f00000,0x000000e3fa000000)]
  0x000002964ed15000 JavaThread "Finalizer" daemon [_thread_blocked, id=1200, stack(0x000000e3fa000000,0x000000e3fa100000)]
  0x000002964f6d2800 JavaThread "Signal Dispatcher" daemon [_thread_blocked, id=7944, stack(0x000000e3fa100000,0x000000e3fa200000)]
  0x000002964ed2c000 JavaThread "Attach Listener" daemon [_thread_blocked, id=11180, stack(0x000000e3fa200000,0x000000e3fa300000)]
  0x000002964ed2e000 JavaThread "Service Thread" daemon [_thread_blocked, id=1836, stack(0x000000e3fa300000,0x000000e3fa400000)]
=>0x000002964ed30800 JavaThread "C2 CompilerThread0" daemon [_thread_in_native, id=8144, stack(0x000000e3fa400000,0x000000e3fa500000)]
  0x000002964ed43800 JavaThread "C1 CompilerThread0" daemon [_thread_in_native, id=10924, stack(0x000000e3fa500000,0x000000e3fa600000)]
  0x000002964ed46000 JavaThread "Sweeper thread" daemon [_thread_blocked, id=1240, stack(0x000000e3fa600000,0x000000e3fa700000)]
  0x000002964f816800 JavaThread "Common-Cleaner" daemon [_thread_blocked, id=9260, stack(0x000000e3fa800000,0x000000e3fa900000)]
  0x000002964f912000 JavaThread "mysql-cj-abandoned-connection-cleanup" daemon [_thread_blocked, id=10220, stack(0x000000e3fa900000,0x000000e3faa00000)]
  0x000002964fb4f000 JavaThread "RMI TCP Accept-21721" daemon [_thread_in_native, id=2440, stack(0x000000e3faa00000,0x000000e3fab00000)]
  0x000002964fb2f800 JavaThread "RMI TCP Accept-0" daemon [_thread_in_native, id=9652, stack(0x000000e3fab00000,0x000000e3fac00000)]
  0x000002964fba0800 JavaThread "RMI Reaper" [_thread_blocked, id=1992, stack(0x000000e3fac00000,0x000000e3fad00000)]
  0x000002964fba7000 JavaThread "RMI GC Daemon" daemon [_thread_blocked, id=11136, stack(0x000000e3fad00000,0x000000e3fae00000)]
  0x000002964fdb8800 JavaThread "RMI TCP Connection(1)-127.0.0.1" daemon [_thread_in_native, id=10900, stack(0x000000e3faf00000,0x000000e3fb000000)]
  0x00000296500f7800 JavaThread "RMI TCP Connection(2)-127.0.0.1" daemon [_thread_in_vm, id=9520, stack(0x000000e3fb000000,0x000000e3fb100000)]
  0x0000029650127800 JavaThread "RMI Scheduler(0)" daemon [_thread_blocked, id=2476, stack(0x000000e3fb100000,0x000000e3fb200000)]
  0x000002964fc70000 JavaThread "C2 CompilerThread1" daemon [_thread_in_native, id=8396, stack(0x000000e3fae00000,0x000000e3faf00000)]

Other Threads:
  0x000002964ecf1000 VMThread "VM Thread" [stack: 0x000000e3f9e00000,0x000000e3f9f00000] [id=8020]
  0x000002964f809800 WatcherThread [stack: 0x000000e3fa700000,0x000000e3fa800000] [id=6672]
  0x0000029636d33800 GCTaskThread "GC Thread#0" [stack: 0x000000e3f9900000,0x000000e3f9a00000] [id=3404]
  0x0000029650979000 GCTaskThread "GC Thread#1" [stack: 0x000000e3fb200000,0x000000e3fb300000] [id=7344]
  0x000002964fd13800 GCTaskThread "GC Thread#2" [stack: 0x000000e3fb300000,0x000000e3fb400000] [id=2012]
  0x000002964fe9d800 GCTaskThread "GC Thread#3" [stack: 0x000000e3fb400000,0x000000e3fb500000] [id=8332]
  0x0000029636d4c000 ConcurrentGCThread "G1 Main Marker" [stack: 0x000000e3f9a00000,0x000000e3f9b00000] [id=2736]
  0x0000029636d4e800 ConcurrentGCThread "G1 Conc#0" [stack: 0x000000e3f9b00000,0x000000e3f9c00000] [id=11148]
  0x000002964fe69000 ConcurrentGCThread "G1 Conc#1" [stack: 0x000000e3fb600000,0x000000e3fb700000] [id=7324]
  0x0000029636de8800 ConcurrentGCThread "G1 Refine#0" [stack: 0x000000e3f9c00000,0x000000e3f9d00000] [id=4956]
  0x0000029650a13000 ConcurrentGCThread "G1 Refine#1" [stack: 0x000000e3fb500000,0x000000e3fb600000] [id=1900]
  0x0000029636de9800 ConcurrentGCThread "G1 Young RemSet Sampling" [stack: 0x000000e3f9d00000,0x000000e3f9e00000] [id=3840]

Threads with active compile tasks:
C2 CompilerThread0   2049 1718 %     4       sun.security.provider.SHA::implCompress0 @ 3 (482 bytes)
C1 CompilerThread0   2049 1758       3       java.lang.reflect.ProxyGenerator$ProxyMethod::generateMethod (733 bytes)
C2 CompilerThread1   2049 1764       4       java.lang.AbstractStringBuilder::appendChars (130 bytes)

VM state:not at safepoint (normal execution)

VM Mutex/Monitor currently owned by a thread: None

Heap address: 0x00000000c4c00000, size: 948 MB, Compressed Oops mode: 32-bit
Narrow klass base: 0x0000000000000000, Narrow klass shift: 3
Compressed class space size: 1073741824 Address: 0x0000000100000000

Heap:
 garbage-first heap   total 131072K, used 8323K [0x00000000c4c00000, 0x0000000100000000)
  region size 1024K, 4 young (4096K), 2 survivors (2048K)
 Metaspace       used 20779K, capacity 21438K, committed 21680K, reserved 1069056K
  class space    used 2220K, capacity 2452K, committed 2560K, reserved 1048576K
Heap Regions: E=young(eden), S=young(survivor), O=old, HS=humongous(starts), HC=humongous(continues), CS=collection set, F=free, A=archive, TAMS=top-at-mark-start (previous, next)
|   0|0x00000000c4c00000, 0x00000000c4d00000, 0x00000000c4d00000|100%|HS|  |TAMS 0x00000000c4d00000, 0x00000000c4c00000| Complete 
|   1|0x00000000c4d00000, 0x00000000c4e00000, 0x00000000c4e00000|100%| O|  |TAMS 0x00000000c4e00000, 0x00000000c4d00000| Untracked 
|   2|0x00000000c4e00000, 0x00000000c4f00000, 0x00000000c4f00000|100%| O|  |TAMS 0x00000000c4f00000, 0x00000000c4e00000| Untracked 
|   3|0x00000000c4f00000, 0x00000000c5000000, 0x00000000c5000000|100%| O|  |TAMS 0x00000000c5000000, 0x00000000c4f00000| Untracked 
|   4|0x00000000c5000000, 0x00000000c5100000, 0x00000000c5100000|100%| O|  |TAMS 0x00000000c5100000, 0x00000000c5000000| Untracked 
|   5|0x00000000c5100000, 0x00000000c51ba600, 0x00000000c5200000| 72%| O|  |TAMS 0x00000000c51ba600, 0x00000000c5100000| Untracked 
|   6|0x00000000c5200000, 0x00000000c5200000, 0x00000000c5300000|  0%| F|  |TAMS 0x00000000c5200000, 0x00000000c5200000| Untracked 
|   7|0x00000000c5300000, 0x00000000c5300000, 0x00000000c5400000|  0%| F|  |TAMS 0x00000000c5300000, 0x00000000c5300000| Untracked 
|   8|0x00000000c5400000, 0x00000000c5400000, 0x00000000c5500000|  0%| F|  |TAMS 0x00000000c5400000, 0x00000000c5400000| Untracked 
|   9|0x00000000c5500000, 0x00000000c5500000, 0x00000000c5600000|  0%| F|  |TAMS 0x00000000c5500000, 0x00000000c5500000| Untracked 
|  10|0x00000000c5600000, 0x00000000c5600000, 0x00000000c5700000|  0%| F|  |TAMS 0x00000000c5600000, 0x00000000c5600000| Untracked 
|  11|0x00000000c5700000, 0x00000000c5700000, 0x00000000c5800000|  0%| F|  |TAMS 0x00000000c5700000, 0x00000000c5700000| Untracked 
|  12|0x00000000c5800000, 0x00000000c5800000, 0x00000000c5900000|  0%| F|  |TAMS 0x00000000c5800000, 0x00000000c5800000| Untracked 
|  13|0x00000000c5900000, 0x00000000c5900000, 0x00000000c5a00000|  0%| F|  |TAMS 0x00000000c5900000, 0x00000000c5900000| Untracked 
|  14|0x00000000c5a00000, 0x00000000c5a00000, 0x00000000c5b00000|  0%| F|  |TAMS 0x00000000c5a00000, 0x00000000c5a00000| Untracked 
|  15|0x00000000c5b00000, 0x00000000c5b00000, 0x00000000c5c00000|  0%| F|  |TAMS 0x00000000c5b00000, 0x00000000c5b00000| Untracked 
|  16|0x00000000c5c00000, 0x00000000c5c00000, 0x00000000c5d00000|  0%| F|  |TAMS 0x00000000c5c00000, 0x00000000c5c00000| Untracked 
|  17|0x00000000c5d00000, 0x00000000c5d00000, 0x00000000c5e00000|  0%| F|  |TAMS 0x00000000c5d00000, 0x00000000c5d00000| Untracked 
|  18|0x00000000c5e00000, 0x00000000c5e00000, 0x00000000c5f00000|  0%| F|  |TAMS 0x00000000c5e00000, 0x00000000c5e00000| Untracked 
|  19|0x00000000c5f00000, 0x00000000c5f00000, 0x00000000c6000000|  0%| F|  |TAMS 0x00000000c5f00000, 0x00000000c5f00000| Untracked 
|  20|0x00000000c6000000, 0x00000000c6000000, 0x00000000c6100000|  0%| F|  |TAMS 0x00000000c6000000, 0x00000000c6000000| Untracked 
|  21|0x00000000c6100000, 0x00000000c6100000, 0x00000000c6200000|  0%| F|  |TAMS 0x00000000c6100000, 0x00000000c6100000| Untracked 
|  22|0x00000000c6200000, 0x00000000c6200000, 0x00000000c6300000|  0%| F|  |TAMS 0x00000000c6200000, 0x00000000c6200000| Untracked 
|  23|0x00000000c6300000, 0x00000000c6300000, 0x00000000c6400000|  0%| F|  |TAMS 0x00000000c6300000, 0x00000000c6300000| Untracked 
|  24|0x00000000c6400000, 0x00000000c6400000, 0x00000000c6500000|  0%| F|  |TAMS 0x00000000c6400000, 0x00000000c6400000| Untracked 
|  25|0x00000000c6500000, 0x00000000c6500000, 0x00000000c6600000|  0%| F|  |TAMS 0x00000000c6500000, 0x00000000c6500000| Untracked 
|  26|0x00000000c6600000, 0x00000000c6600000, 0x00000000c6700000|  0%| F|  |TAMS 0x00000000c6600000, 0x00000000c6600000| Untracked 
|  27|0x00000000c6700000, 0x00000000c6700000, 0x00000000c6800000|  0%| F|  |TAMS 0x00000000c6700000, 0x00000000c6700000| Untracked 
|  28|0x00000000c6800000, 0x00000000c6800000, 0x00000000c6900000|  0%| F|  |TAMS 0x00000000c6800000, 0x00000000c6800000| Untracked 
|  29|0x00000000c6900000, 0x00000000c6900000, 0x00000000c6a00000|  0%| F|  |TAMS 0x00000000c6900000, 0x00000000c6900000| Untracked 
|  30|0x00000000c6a00000, 0x00000000c6a00000, 0x00000000c6b00000|  0%| F|  |TAMS 0x00000000c6a00000, 0x00000000c6a00000| Untracked 
|  31|0x00000000c6b00000, 0x00000000c6b00000, 0x00000000c6c00000|  0%| F|  |TAMS 0x00000000c6b00000, 0x00000000c6b00000| Untracked 
|  32|0x00000000c6c00000, 0x00000000c6c00000, 0x00000000c6d00000|  0%| F|  |TAMS 0x00000000c6c00000, 0x00000000c6c00000| Untracked 
|  33|0x00000000c6d00000, 0x00000000c6d00000, 0x00000000c6e00000|  0%| F|  |TAMS 0x00000000c6d00000, 0x00000000c6d00000| Untracked 
|  34|0x00000000c6e00000, 0x00000000c6e00000, 0x00000000c6f00000|  0%| F|  |TAMS 0x00000000c6e00000, 0x00000000c6e00000| Untracked 
|  35|0x00000000c6f00000, 0x00000000c6f00000, 0x00000000c7000000|  0%| F|  |TAMS 0x00000000c6f00000, 0x00000000c6f00000| Untracked 
|  36|0x00000000c7000000, 0x00000000c7000000, 0x00000000c7100000|  0%| F|  |TAMS 0x00000000c7000000, 0x00000000c7000000| Untracked 
|  37|0x00000000c7100000, 0x00000000c7100000, 0x00000000c7200000|  0%| F|  |TAMS 0x00000000c7100000, 0x00000000c7100000| Untracked 
|  38|0x00000000c7200000, 0x00000000c7200000, 0x00000000c7300000|  0%| F|  |TAMS 0x00000000c7200000, 0x00000000c7200000| Untracked 
|  39|0x00000000c7300000, 0x00000000c7300000, 0x00000000c7400000|  0%| F|  |TAMS 0x00000000c7300000, 0x00000000c7300000| Untracked 
|  40|0x00000000c7400000, 0x00000000c7400000, 0x00000000c7500000|  0%| F|  |TAMS 0x00000000c7400000, 0x00000000c7400000| Untracked 
|  41|0x00000000c7500000, 0x00000000c7500000, 0x00000000c7600000|  0%| F|  |TAMS 0x00000000c7500000, 0x00000000c7500000| Untracked 
|  42|0x00000000c7600000, 0x00000000c7600000, 0x00000000c7700000|  0%| F|  |TAMS 0x00000000c7600000, 0x00000000c7600000| Untracked 
|  43|0x00000000c7700000, 0x00000000c7700000, 0x00000000c7800000|  0%| F|  |TAMS 0x00000000c7700000, 0x00000000c7700000| Untracked 
|  44|0x00000000c7800000, 0x00000000c7800000, 0x00000000c7900000|  0%| F|  |TAMS 0x00000000c7800000, 0x00000000c7800000| Untracked 
|  45|0x00000000c7900000, 0x00000000c7900000, 0x00000000c7a00000|  0%| F|  |TAMS 0x00000000c7900000, 0x00000000c7900000| Untracked 
|  46|0x00000000c7a00000, 0x00000000c7a00000, 0x00000000c7b00000|  0%| F|  |TAMS 0x00000000c7a00000, 0x00000000c7a00000| Untracked 
|  47|0x00000000c7b00000, 0x00000000c7b00000, 0x00000000c7c00000|  0%| F|  |TAMS 0x00000000c7b00000, 0x00000000c7b00000| Untracked 
|  48|0x00000000c7c00000, 0x00000000c7c00000, 0x00000000c7d00000|  0%| F|  |TAMS 0x00000000c7c00000, 0x00000000c7c00000| Untracked 
|  49|0x00000000c7d00000, 0x00000000c7d00000, 0x00000000c7e00000|  0%| F|  |TAMS 0x00000000c7d00000, 0x00000000c7d00000| Untracked 
|  50|0x00000000c7e00000, 0x00000000c7e00000, 0x00000000c7f00000|  0%| F|  |TAMS 0x00000000c7e00000, 0x00000000c7e00000| Untracked 
|  51|0x00000000c7f00000, 0x00000000c7f00000, 0x00000000c8000000|  0%| F|  |TAMS 0x00000000c7f00000, 0x00000000c7f00000| Untracked 
|  52|0x00000000c8000000, 0x00000000c8000000, 0x00000000c8100000|  0%| F|  |TAMS 0x00000000c8000000, 0x00000000c8000000| Untracked 
|  53|0x00000000c8100000, 0x00000000c8100000, 0x00000000c8200000|  0%| F|  |TAMS 0x00000000c8100000, 0x00000000c8100000| Untracked 
|  54|0x00000000c8200000, 0x00000000c8200000, 0x00000000c8300000|  0%| F|  |TAMS 0x00000000c8200000, 0x00000000c8200000| Untracked 
|  55|0x00000000c8300000, 0x00000000c8300000, 0x00000000c8400000|  0%| F|  |TAMS 0x00000000c8300000, 0x00000000c8300000| Untracked 
|  56|0x00000000c8400000, 0x00000000c8400000, 0x00000000c8500000|  0%| F|  |TAMS 0x00000000c8400000, 0x00000000c8400000| Untracked 
|  57|0x00000000c8500000, 0x00000000c8500000, 0x00000000c8600000|  0%| F|  |TAMS 0x00000000c8500000, 0x00000000c8500000| Untracked 
|  58|0x00000000c8600000, 0x00000000c8600000, 0x00000000c8700000|  0%| F|  |TAMS 0x00000000c8600000, 0x00000000c8600000| Untracked 
|  59|0x00000000c8700000, 0x00000000c8700000, 0x00000000c8800000|  0%| F|  |TAMS 0x00000000c8700000, 0x00000000c8700000| Untracked 
|  60|0x00000000c8800000, 0x00000000c8800000, 0x00000000c8900000|  0%| F|  |TAMS 0x00000000c8800000, 0x00000000c8800000| Untracked 
|  61|0x00000000c8900000, 0x00000000c8900000, 0x00000000c8a00000|  0%| F|  |TAMS 0x00000000c8900000, 0x00000000c8900000| Untracked 
|  62|0x00000000c8a00000, 0x00000000c8a00000, 0x00000000c8b00000|  0%| F|  |TAMS 0x00000000c8a00000, 0x00000000c8a00000| Untracked 
|  63|0x00000000c8b00000, 0x00000000c8b00000, 0x00000000c8c00000|  0%| F|  |TAMS 0x00000000c8b00000, 0x00000000c8b00000| Untracked 
|  64|0x00000000c8c00000, 0x00000000c8c00000, 0x00000000c8d00000|  0%| F|  |TAMS 0x00000000c8c00000, 0x00000000c8c00000| Untracked 
|  65|0x00000000c8d00000, 0x00000000c8d00000, 0x00000000c8e00000|  0%| F|  |TAMS 0x00000000c8d00000, 0x00000000c8d00000| Untracked 
|  66|0x00000000c8e00000, 0x00000000c8e00000, 0x00000000c8f00000|  0%| F|  |TAMS 0x00000000c8e00000, 0x00000000c8e00000| Untracked 
|  67|0x00000000c8f00000, 0x00000000c8f00000, 0x00000000c9000000|  0%| F|  |TAMS 0x00000000c8f00000, 0x00000000c8f00000| Untracked 
|  68|0x00000000c9000000, 0x00000000c9000000, 0x00000000c9100000|  0%| F|  |TAMS 0x00000000c9000000, 0x00000000c9000000| Untracked 
|  69|0x00000000c9100000, 0x00000000c9100000, 0x00000000c9200000|  0%| F|  |TAMS 0x00000000c9100000, 0x00000000c9100000| Untracked 
|  70|0x00000000c9200000, 0x00000000c9200000, 0x00000000c9300000|  0%| F|  |TAMS 0x00000000c9200000, 0x00000000c9200000| Untracked 
|  71|0x00000000c9300000, 0x00000000c9300000, 0x00000000c9400000|  0%| F|  |TAMS 0x00000000c9300000, 0x00000000c9300000| Untracked 
|  72|0x00000000c9400000, 0x00000000c9400000, 0x00000000c9500000|  0%| F|  |TAMS 0x00000000c9400000, 0x00000000c9400000| Untracked 
|  73|0x00000000c9500000, 0x00000000c9500000, 0x00000000c9600000|  0%| F|  |TAMS 0x00000000c9500000, 0x00000000c9500000| Untracked 
|  74|0x00000000c9600000, 0x00000000c9600000, 0x00000000c9700000|  0%| F|  |TAMS 0x00000000c9600000, 0x00000000c9600000| Untracked 
|  75|0x00000000c9700000, 0x00000000c9700000, 0x00000000c9800000|  0%| F|  |TAMS 0x00000000c9700000, 0x00000000c9700000| Untracked 
|  76|0x00000000c9800000, 0x00000000c9800000, 0x00000000c9900000|  0%| F|  |TAMS 0x00000000c9800000, 0x00000000c9800000| Untracked 
|  77|0x00000000c9900000, 0x00000000c9900000, 0x00000000c9a00000|  0%| F|  |TAMS 0x00000000c9900000, 0x00000000c9900000| Untracked 
|  78|0x00000000c9a00000, 0x00000000c9a00000, 0x00000000c9b00000|  0%| F|  |TAMS 0x00000000c9a00000, 0x00000000c9a00000| Untracked 
|  79|0x00000000c9b00000, 0x00000000c9b00000, 0x00000000c9c00000|  0%| F|  |TAMS 0x00000000c9b00000, 0x00000000c9b00000| Untracked 
|  80|0x00000000c9c00000, 0x00000000c9c00000, 0x00000000c9d00000|  0%| F|  |TAMS 0x00000000c9c00000, 0x00000000c9c00000| Untracked 
|  81|0x00000000c9d00000, 0x00000000c9d00000, 0x00000000c9e00000|  0%| F|  |TAMS 0x00000000c9d00000, 0x00000000c9d00000| Untracked 
|  82|0x00000000c9e00000, 0x00000000c9e00000, 0x00000000c9f00000|  0%| F|  |TAMS 0x00000000c9e00000, 0x00000000c9e00000| Untracked 
|  83|0x00000000c9f00000, 0x00000000c9f00000, 0x00000000ca000000|  0%| F|  |TAMS 0x00000000c9f00000, 0x00000000c9f00000| Untracked 
|  84|0x00000000ca000000, 0x00000000ca000000, 0x00000000ca100000|  0%| F|  |TAMS 0x00000000ca000000, 0x00000000ca000000| Untracked 
|  85|0x00000000ca100000, 0x00000000ca100000, 0x00000000ca200000|  0%| F|  |TAMS 0x00000000ca100000, 0x00000000ca100000| Untracked 
|  86|0x00000000ca200000, 0x00000000ca200000, 0x00000000ca300000|  0%| F|  |TAMS 0x00000000ca200000, 0x00000000ca200000| Untracked 
|  87|0x00000000ca300000, 0x00000000ca300000, 0x00000000ca400000|  0%| F|  |TAMS 0x00000000ca300000, 0x00000000ca300000| Untracked 
|  88|0x00000000ca400000, 0x00000000ca400000, 0x00000000ca500000|  0%| F|  |TAMS 0x00000000ca400000, 0x00000000ca400000| Untracked 
|  89|0x00000000ca500000, 0x00000000ca500000, 0x00000000ca600000|  0%| F|  |TAMS 0x00000000ca500000, 0x00000000ca500000| Untracked 
|  90|0x00000000ca600000, 0x00000000ca600000, 0x00000000ca700000|  0%| F|  |TAMS 0x00000000ca600000, 0x00000000ca600000| Untracked 
|  91|0x00000000ca700000, 0x00000000ca700000, 0x00000000ca800000|  0%| F|  |TAMS 0x00000000ca700000, 0x00000000ca700000| Untracked 
|  92|0x00000000ca800000, 0x00000000ca800000, 0x00000000ca900000|  0%| F|  |TAMS 0x00000000ca800000, 0x00000000ca800000| Untracked 
|  93|0x00000000ca900000, 0x00000000ca900000, 0x00000000caa00000|  0%| F|  |TAMS 0x00000000ca900000, 0x00000000ca900000| Untracked 
|  94|0x00000000caa00000, 0x00000000caa00000, 0x00000000cab00000|  0%| F|  |TAMS 0x00000000caa00000, 0x00000000caa00000| Untracked 
|  95|0x00000000cab00000, 0x00000000cab00000, 0x00000000cac00000|  0%| F|  |TAMS 0x00000000cab00000, 0x00000000cab00000| Untracked 
|  96|0x00000000cac00000, 0x00000000cac00000, 0x00000000cad00000|  0%| F|  |TAMS 0x00000000cac00000, 0x00000000cac00000| Untracked 
|  97|0x00000000cad00000, 0x00000000cad00000, 0x00000000cae00000|  0%| F|  |TAMS 0x00000000cad00000, 0x00000000cad00000| Untracked 
|  98|0x00000000cae00000, 0x00000000cae00000, 0x00000000caf00000|  0%| F|  |TAMS 0x00000000cae00000, 0x00000000cae00000| Untracked 
|  99|0x00000000caf00000, 0x00000000caf00000, 0x00000000cb000000|  0%| F|  |TAMS 0x00000000caf00000, 0x00000000caf00000| Untracked 
| 100|0x00000000cb000000, 0x00000000cb000000, 0x00000000cb100000|  0%| F|  |TAMS 0x00000000cb000000, 0x00000000cb000000| Untracked 
| 101|0x00000000cb100000, 0x00000000cb100000, 0x00000000cb200000|  0%| F|  |TAMS 0x00000000cb100000, 0x00000000cb100000| Untracked 
| 102|0x00000000cb200000, 0x00000000cb200000, 0x00000000cb300000|  0%| F|  |TAMS 0x00000000cb200000, 0x00000000cb200000| Untracked 
| 103|0x00000000cb300000, 0x00000000cb300000, 0x00000000cb400000|  0%| F|  |TAMS 0x00000000cb300000, 0x00000000cb300000| Untracked 
| 104|0x00000000cb400000, 0x00000000cb400000, 0x00000000cb500000|  0%| F|  |TAMS 0x00000000cb400000, 0x00000000cb400000| Untracked 
| 105|0x00000000cb500000, 0x00000000cb500000, 0x00000000cb600000|  0%| F|  |TAMS 0x00000000cb500000, 0x00000000cb500000| Untracked 
| 106|0x00000000cb600000, 0x00000000cb600000, 0x00000000cb700000|  0%| F|  |TAMS 0x00000000cb600000, 0x00000000cb600000| Untracked 
| 107|0x00000000cb700000, 0x00000000cb700000, 0x00000000cb800000|  0%| F|  |TAMS 0x00000000cb700000, 0x00000000cb700000| Untracked 
| 108|0x00000000cb800000, 0x00000000cb800000, 0x00000000cb900000|  0%| F|  |TAMS 0x00000000cb800000, 0x00000000cb800000| Untracked 
| 109|0x00000000cb900000, 0x00000000cb900000, 0x00000000cba00000|  0%| F|  |TAMS 0x00000000cb900000, 0x00000000cb900000| Untracked 
| 110|0x00000000cba00000, 0x00000000cba00000, 0x00000000cbb00000|  0%| F|  |TAMS 0x00000000cba00000, 0x00000000cba00000| Untracked 
| 111|0x00000000cbb00000, 0x00000000cbb00000, 0x00000000cbc00000|  0%| F|  |TAMS 0x00000000cbb00000, 0x00000000cbb00000| Untracked 
| 112|0x00000000cbc00000, 0x00000000cbc00000, 0x00000000cbd00000|  0%| F|  |TAMS 0x00000000cbc00000, 0x00000000cbc00000| Untracked 
| 113|0x00000000cbd00000, 0x00000000cbd00000, 0x00000000cbe00000|  0%| F|  |TAMS 0x00000000cbd00000, 0x00000000cbd00000| Untracked 
| 114|0x00000000cbe00000, 0x00000000cbe00000, 0x00000000cbf00000|  0%| F|  |TAMS 0x00000000cbe00000, 0x00000000cbe00000| Untracked 
| 115|0x00000000cbf00000, 0x00000000cbf00000, 0x00000000cc000000|  0%| F|  |TAMS 0x00000000cbf00000, 0x00000000cbf00000| Untracked 
| 116|0x00000000cc000000, 0x00000000cc000000, 0x00000000cc100000|  0%| F|  |TAMS 0x00000000cc000000, 0x00000000cc000000| Untracked 
| 117|0x00000000cc100000, 0x00000000cc100000, 0x00000000cc200000|  0%| F|  |TAMS 0x00000000cc100000, 0x00000000cc100000| Untracked 
| 118|0x00000000cc200000, 0x00000000cc200000, 0x00000000cc300000|  0%| F|  |TAMS 0x00000000cc200000, 0x00000000cc200000| Untracked 
| 119|0x00000000cc300000, 0x00000000cc300000, 0x00000000cc400000|  0%| F|  |TAMS 0x00000000cc300000, 0x00000000cc300000| Untracked 
| 120|0x00000000cc400000, 0x00000000cc400000, 0x00000000cc500000|  0%| F|  |TAMS 0x00000000cc400000, 0x00000000cc400000| Untracked 
| 121|0x00000000cc500000, 0x00000000cc5669f0, 0x00000000cc600000| 40%| S|CS|TAMS 0x00000000cc500000, 0x00000000cc500000| Complete 
| 122|0x00000000cc600000, 0x00000000cc700000, 0x00000000cc700000|100%| S|CS|TAMS 0x00000000cc600000, 0x00000000cc600000| Complete 
| 123|0x00000000cc700000, 0x00000000cc700000, 0x00000000cc800000|  0%| F|  |TAMS 0x00000000cc700000, 0x00000000cc700000| Untracked 
| 124|0x00000000cc800000, 0x00000000cc800000, 0x00000000cc900000|  0%| F|  |TAMS 0x00000000cc800000, 0x00000000cc800000| Untracked 
| 125|0x00000000cc900000, 0x00000000cc900000, 0x00000000cca00000|  0%| F|  |TAMS 0x00000000cc900000, 0x00000000cc900000| Untracked 
| 126|0x00000000cca00000, 0x00000000ccb00000, 0x00000000ccb00000|100%| E|  |TAMS 0x00000000cca00000, 0x00000000cca00000| Complete 
| 127|0x00000000ccb00000, 0x00000000ccc00000, 0x00000000ccc00000|100%| E|CS|TAMS 0x00000000ccb00000, 0x00000000ccb00000| Complete 

Card table byte_map: [0x000002964a370000,0x000002964a550000] _byte_map_base: 0x0000029649d4a000

Marking Bits (Prev, Next): (CMBitMap*) 0x0000029636d47b40, (CMBitMap*) 0x0000029636d47b08
 Prev Bits: [0x000002964b600000, 0x000002964c4d0000)
 Next Bits: [0x000002964a730000, 0x000002964b600000)

Polling page: 0x0000029635400000

Metaspace:

Usage:
  Non-class:     18.54 MB capacity,    18.13 MB ( 98%) used,   359.41 KB (  2%) free+waste,    61.81 KB ( <1%) overhead. 
      Class:      2.39 MB capacity,     2.17 MB ( 91%) used,   201.10 KB (  8%) free+waste,    29.75 KB (  1%) overhead. 
       Both:     20.94 MB capacity,    20.30 MB ( 97%) used,   560.52 KB (  3%) free+waste,    91.56 KB ( <1%) overhead. 

Virtual space:
  Non-class space:       20.00 MB reserved,      18.67 MB ( 93%) committed 
      Class space:        1.00 GB reserved,       2.50 MB ( <1%) committed 
             Both:        1.02 GB reserved,      21.17 MB (  2%) committed 

Chunk freelists:
   Non-Class:  22.00 KB
       Class:  12.00 KB
        Both:  34.00 KB

MaxMetaspaceSize: 17179869184.00 GB
CompressedClassSpaceSize: 1.00 GB

CodeHeap 'non-profiled nmethods': size=120064Kb used=693Kb max_used=693Kb free=119370Kb
 bounds [0x0000029642410000, 0x0000029642680000, 0x0000029649950000]
CodeHeap 'profiled nmethods': size=120000Kb used=3440Kb max_used=3440Kb free=116559Kb
 bounds [0x000002963aee0000, 0x000002963b240000, 0x0000029642410000]
CodeHeap 'non-nmethods': size=5696Kb used=1167Kb max_used=1188Kb free=4529Kb
 bounds [0x000002963a950000, 0x000002963abc0000, 0x000002963aee0000]
 total_blobs=2276 nmethods=1759 adapters=429
 compilation: enabled
              stopped_count=0, restarted_count=0
 full_count=0

Compilation events (20 events):
Event: 1.997 Thread 0x000002964ed43800 1723       3       com.sun.crypto.provider.CounterMode::increment (28 bytes)
Event: 1.998 Thread 0x000002964ed43800 nmethod 1723 0x000002963b219e90 code [0x000002963b21a040, 0x000002963b21a238]
Event: 1.998 Thread 0x000002964ed43800 1724       3       java.nio.Buffer::checkBounds (25 bytes)
Event: 1.998 Thread 0x000002964ed43800 nmethod 1724 0x000002963b21a310 code [0x000002963b21a4e0, 0x000002963b21a6c8]
Event: 1.998 Thread 0x000002964ed30800 nmethod 1709 0x00000296424b6310 code [0x00000296424b6520, 0x00000296424b6fe8]
Event: 1.998 Thread 0x000002964ed30800 1718 %     4       sun.security.provider.SHA::implCompress0 @ 3 (482 bytes)
Event: 1.998 Thread 0x000002964ed43800 1725   !   3       jdk.internal.reflect.ReflectionFactory::checkInitted (94 bytes)
Event: 2.004 Thread 0x000002964ed43800 nmethod 1725 0x000002963b21a790 code [0x000002963b21aa80, 0x000002963b21b8a8]
Event: 2.004 Thread 0x000002964ed43800 1726       3       java.lang.reflect.ReflectAccess::getRoot (5 bytes)
Event: 2.004 Thread 0x000002964ed43800 nmethod 1726 0x000002963b21bc90 code [0x000002963b21be40, 0x000002963b21c008]
Event: 2.005 Thread 0x000002964fc70000 nmethod 1713 0x00000296424b7790 code [0x00000296424b7960, 0x00000296424b8278]
Event: 2.005 Thread 0x000002964fc70000 1712       4       java.io.DataOutputStream::writeByte (14 bytes)
Event: 2.006 Thread 0x000002964fc70000 nmethod 1712 0x00000296424b8790 code [0x00000296424b8920, 0x00000296424b89d8]
Event: 2.007 Thread 0x000002964ed43800 1728       3       java.lang.AbstractStringBuilder::append (45 bytes)
Event: 2.008 Thread 0x000002964ed43800 nmethod 1728 0x000002963b21c110 code [0x000002963b21c340, 0x000002963b21c858]
Event: 2.008 Thread 0x000002964ed43800 1729       3       java.lang.PublicMethods$MethodList::merge (192 bytes)
Event: 2.009 Thread 0x000002964ed43800 nmethod 1729 0x000002963b21ca90 code [0x000002963b21cd00, 0x000002963b21d788]
Event: 2.009 Thread 0x000002964ed43800 1730       3       java.util.LinkedHashMap$LinkedValueIterator::next (8 bytes)
Event: 2.009 Thread 0x000002964ed43800 nmethod 1730 0x000002963b21db90 code [0x000002963b21dd40, 0x000002963b21de68]
Event: 2.010 Thread 0x000002964fc70000 1731       4       java.lang.StringBuilder::append (8 bytes)

GC Heap History (6 events):
Event: 1.073 GC heap before
{Heap before GC invocations=0 (full 0):
 garbage-first heap   total 131072K, used 22528K [0x00000000c4c00000, 0x0000000100000000)
  region size 1024K, 22 young (22528K), 0 survivors (0K)
 Metaspace       used 15036K, capacity 15559K, committed 15744K, reserved 1062912K
  class space    used 1584K, capacity 1804K, committed 1920K, reserved 1048576K
}
Event: 1.083 GC heap after
{Heap after GC invocations=1 (full 0):
 garbage-first heap   total 131072K, used 5846K [0x00000000c4c00000, 0x0000000100000000)
  region size 1024K, 3 young (3072K), 3 survivors (3072K)
 Metaspace       used 15036K, capacity 15559K, committed 15744K, reserved 1062912K
  class space    used 1584K, capacity 1804K, committed 1920K, reserved 1048576K
}
Event: 1.389 GC heap before
{Heap before GC invocations=1 (full 0):
 garbage-first heap   total 131072K, used 14038K [0x00000000c4c00000, 0x0000000100000000)
  region size 1024K, 11 young (11264K), 3 survivors (3072K)
 Metaspace       used 19520K, capacity 20071K, committed 20352K, reserved 1067008K
  class space    used 2110K, capacity 2346K, committed 2432K, reserved 1048576K
}
Event: 1.394 GC heap after
{Heap after GC invocations=2 (full 0):
 garbage-first heap   total 131072K, used 6594K [0x00000000c4c00000, 0x0000000100000000)
  region size 1024K, 1 young (1024K), 1 survivors (1024K)
 Metaspace       used 19520K, capacity 20071K, committed 20352K, reserved 1067008K
  class space    used 2110K, capacity 2346K, committed 2432K, reserved 1048576K
}
Event: 1.999 GC heap before
{Heap before GC invocations=2 (full 0):
 garbage-first heap   total 131072K, used 10690K [0x00000000c4c00000, 0x0000000100000000)
  region size 1024K, 6 young (6144K), 1 survivors (1024K)
 Metaspace       used 20638K, capacity 21202K, committed 21296K, reserved 1069056K
  class space    used 2211K, capacity 2418K, committed 2432K, reserved 1048576K
}
Event: 2.002 GC heap after
{Heap after GC invocations=3 (full 0):
 garbage-first heap   total 131072K, used 7299K [0x00000000c4c00000, 0x0000000100000000)
  region size 1024K, 2 young (2048K), 2 survivors (2048K)
 Metaspace       used 20638K, capacity 21202K, committed 21296K, reserved 1069056K
  class space    used 2211K, capacity 2418K, committed 2432K, reserved 1048576K
}

Deoptimization events (20 events):
Event: 1.361 Thread 0x00000296500f7800 Uncommon trap: trap_request=0xffffffde fr.pc=0x000002964248dbbc relative=0x00000000000003bc
Event: 1.361 Thread 0x00000296500f7800 Uncommon trap: reason=class_check action=maybe_recompile pc=0x000002964248dbbc method=java.util.regex.Pattern$Start.match(Ljava/util/regex/Matcher;ILjava/lang/CharSequence;)Z @ 44 c2
Event: 1.361 Thread 0x00000296500f7800 DEOPT PACKING pc=0x000002964248dbbc sp=0x000000e3fb0fb060
Event: 1.361 Thread 0x00000296500f7800 DEOPT UNPACKING pc=0x000002963a97662f sp=0x000000e3fb0faf90 mode 2
Event: 1.361 Thread 0x00000296500f7800 Uncommon trap: trap_request=0xffffffde fr.pc=0x000002964248dbbc relative=0x00000000000003bc
Event: 1.361 Thread 0x00000296500f7800 Uncommon trap: reason=class_check action=maybe_recompile pc=0x000002964248dbbc method=java.util.regex.Pattern$Start.match(Ljava/util/regex/Matcher;ILjava/lang/CharSequence;)Z @ 44 c2
Event: 1.361 Thread 0x00000296500f7800 DEOPT PACKING pc=0x000002964248dbbc sp=0x000000e3fb0fb050
Event: 1.361 Thread 0x00000296500f7800 DEOPT UNPACKING pc=0x000002963a97662f sp=0x000000e3fb0faf80 mode 2
Event: 1.361 Thread 0x00000296500f7800 Uncommon trap: trap_request=0xffffffc6 fr.pc=0x000002964248f0b8 relative=0x00000000000003d8
Event: 1.361 Thread 0x00000296500f7800 Uncommon trap: reason=bimorphic_or_optimized_type_check action=maybe_recompile pc=0x000002964248f0b8 method=java.util.regex.Pattern$SliceI.match(Ljava/util/regex/Matcher;ILjava/lang/CharSequence;)Z @ 92 c2
Event: 1.361 Thread 0x00000296500f7800 DEOPT PACKING pc=0x000002964248f0b8 sp=0x000000e3fb0fae80
Event: 1.361 Thread 0x00000296500f7800 DEOPT UNPACKING pc=0x000002963a97662f sp=0x000000e3fb0fae28 mode 2
Event: 1.429 Thread 0x00000296500f7800 Uncommon trap: trap_request=0xffffff4d fr.pc=0x000002964244bf08 relative=0x00000000000005c8
Event: 1.429 Thread 0x00000296500f7800 Uncommon trap: reason=unstable_if action=reinterpret pc=0x000002964244bf08 method=java.lang.AbstractStringBuilder.append(Ljava/lang/String;)Ljava/lang/AbstractStringBuilder; @ 1 c2
Event: 1.429 Thread 0x00000296500f7800 DEOPT PACKING pc=0x000002964244bf08 sp=0x000000e3fb0fb0b0
Event: 1.429 Thread 0x00000296500f7800 DEOPT UNPACKING pc=0x000002963a97662f sp=0x000000e3fb0fb040 mode 2
Event: 1.991 Thread 0x00000296500f7800 Uncommon trap: trap_request=0xffffff4d fr.pc=0x000002964244ce9c relative=0x00000000000005dc
Event: 1.991 Thread 0x00000296500f7800 Uncommon trap: reason=unstable_if action=reinterpret pc=0x000002964244ce9c method=java.lang.AbstractStringBuilder.append(Ljava/lang/String;)Ljava/lang/AbstractStringBuilder; @ 1 c2
Event: 1.991 Thread 0x00000296500f7800 DEOPT PACKING pc=0x000002964244ce9c sp=0x000000e3fb0fafd0
Event: 1.991 Thread 0x00000296500f7800 DEOPT UNPACKING pc=0x000002963a97662f sp=0x000000e3fb0fafa8 mode 2

Classes redefined (0 events):
No events

Internal exceptions (20 events):
Event: 0.593 Thread 0x0000029636d1b000 Exception <a 'java/lang/NoSuchMethodError'{0x00000000cc30bfe8}: 'java.lang.Object java.lang.invoke.DirectMethodHandle$Holder.invokeSpecial(java.lang.Object, java.lang.Object, int, int, java.lang.Object, int, java.lang.Object, java.lang.Object)'> (0x00000000cc30bfe8) thrown at [./src/hotspot/share/interpreter/linkResolver.cpp, line 773]
Event: 0.593 Thread 0x0000029636d1b000 Exception <a 'java/lang/NoSuchMethodError'{0x00000000cc30f628}: 'java.lang.Object java.lang.invoke.DelegatingMethodHandle$Holder.reinvoke_L(java.lang.Object, int, int, java.lang.Object, int, java.lang.Object, java.lang.Object)'> (0x00000000cc30f628) thrown at [./src/hotspot/share/interpreter/linkResolver.cpp, line 773]
Event: 0.596 Thread 0x0000029636d1b000 Exception <a 'java/lang/NoSuchMethodError'{0x00000000cc339920}: 'java.lang.Object java.lang.invoke.DirectMethodHandle$Holder.invokeStatic(java.lang.Object, java.lang.Object, java.lang.Object, java.lang.Object, java.lang.Object, java.lang.Object, java.lang.Object, java.lang.Object, int)'> (0x00000000cc339920) thrown at [./src/hotspot/share/interpreter/linkResolver.cpp, line 773]
Event: 0.598 Thread 0x0000029636d1b000 Exception <a 'java/lang/NoSuchMethodError'{0x00000000cc353e58}: 'java.lang.Object java.lang.invoke.DirectMethodHandle$Holder.invokeStatic(java.lang.Object, java.lang.Object, java.lang.Object, java.lang.Object, java.lang.Object, java.lang.Object, java.lang.Object, java.lang.Object, int, int)'> (0x00000000cc353e58) thrown at [./src/hotspot/share/interpreter/linkResolver.cpp, line 773]
Event: 0.601 Thread 0x0000029636d1b000 Exception <a 'java/lang/NoSuchMethodError'{0x00000000cc36f3b0}: 'java.lang.Object java.lang.invoke.DirectMethodHandle$Holder.invokeStatic(java.lang.Object, java.lang.Object, java.lang.Object, java.lang.Object, java.lang.Object, java.lang.Object, java.lang.Object, java.lang.Object, int, int, java.lang.Object)'> (0x00000000cc36f3b0) thrown at [./src/hotspot/share/interpreter/linkResolver.cpp, line 773]
Event: 0.603 Thread 0x0000029636d1b000 Exception <a 'java/lang/NoSuchMethodError'{0x00000000cc38be48}: 'java.lang.Object java.lang.invoke.DirectMethodHandle$Holder.invokeStatic(java.lang.Object, java.lang.Object, java.lang.Object, java.lang.Object, java.lang.Object, java.lang.Object, java.lang.Object, java.lang.Object, int, int, java.lang.Object, java.lang.Object)'> (0x00000000cc38be48) thrown at [./src/hotspot/share/interpreter/linkResolver.cpp, line 773]
Event: 0.615 Thread 0x0000029636d1b000 Exception <a 'java/lang/NoSuchMethodError'{0x00000000cc210488}: 'java.lang.Object java.lang.invoke.DirectMethodHandle$Holder.invokeStatic(java.lang.Object, java.lang.Object, java.lang.Object, java.lang.Object, int)'> (0x00000000cc210488) thrown at [./src/hotspot/share/interpreter/linkResolver.cpp, line 773]
Event: 0.631 Thread 0x0000029636d1b000 Exception <a 'java/lang/NoSuchMethodError'{0x00000000cc2d4028}: 'java.lang.Object java.lang.invoke.DelegatingMethodHandle$Holder.reinvoke_L(java.lang.Object, java.lang.Object, long)'> (0x00000000cc2d4028) thrown at [./src/hotspot/share/interpreter/linkResolver.cpp, line 773]
Event: 0.631 Thread 0x0000029636d1b000 Exception <a 'java/lang/NoSuchMethodError'{0x00000000cc2d7218}: 'java.lang.Object java.lang.invoke.Invokers$Holder.linkToTargetMethod(java.lang.Object, long, java.lang.Object)'> (0x00000000cc2d7218) thrown at [./src/hotspot/share/interpreter/linkResolver.cpp, line 773]
Event: 0.646 Thread 0x000002964fdb8800 Exception <a 'java/lang/NoSuchMethodError'{0x00000000cc152b30}: 'java.lang.Object java.lang.invoke.DelegatingMethodHandle$Holder.reinvoke_L(java.lang.Object, int, java.lang.Object)'> (0x00000000cc152b30) thrown at [./src/hotspot/share/interpreter/linkResolver.cpp, line 773]
Event: 0.703 Thread 0x00000296500f7800 Exception <a 'java/lang/NoSuchMethodError'{0x00000000cc07a128}: <clinit>> (0x00000000cc07a128) thrown at [./src/hotspot/share/prims/jni.cpp, line 1362]
Event: 0.785 Thread 0x00000296500f7800 Exception <a 'java/lang/NoSuchMethodError'{0x00000000cbe852f8}: 'int java.lang.invoke.DirectMethodHandle$Holder.invokeSpecialIFC(java.lang.Object, java.lang.Object, int)'> (0x00000000cbe852f8) thrown at [./src/hotspot/share/interpreter/linkResolver.cpp, line 773]
Event: 0.845 Thread 0x00000296500f7800 Exception <a 'java/lang/NoSuchMethodError'{0x00000000cbd82118}: 'java.lang.Object java.lang.invoke.DirectMethodHandle$Holder.invokeVirtual(java.lang.Object, java.lang.Object, java.lang.Object)'> (0x00000000cbd82118) thrown at [./src/hotspot/share/interpreter/linkResolver.cpp, line 773]
Event: 0.972 Thread 0x00000296500f7800 Exception <a 'java/lang/NoSuchMethodError'{0x00000000cb9ed130}: 'void java.lang.invoke.DirectMethodHandle$Holder.invokeStaticInit(java.lang.Object, java.lang.Object)'> (0x00000000cb9ed130) thrown at [./src/hotspot/share/interpreter/linkResolver.cpp, line 773]
Event: 1.087 Thread 0x00000296500f7800 Exception <a 'sun/nio/fs/WindowsException'{0x00000000ccb14cc0}> (0x00000000ccb14cc0) thrown at [./src/hotspot/share/prims/jni.cpp, line 615]
Event: 1.104 Thread 0x00000296500f7800 Exception <a 'java/lang/NoSuchMethodError'{0x00000000ccb362d8}: 'int java.lang.invoke.DirectMethodHandle$Holder.invokeStaticInit(java.lang.Object, java.lang.Object, java.lang.Object, java.lang.Object)'> (0x00000000ccb362d8) thrown at [./src/hotspot/share/interpreter/linkResolver.cpp, line 773]
Event: 1.105 Thread 0x00000296500f7800 Exception <a 'java/lang/IncompatibleClassChangeError'{0x00000000ccb3f508}: Found class java.lang.Object, but interface was expected> (0x00000000ccb3f508) thrown at [./src/hotspot/share/interpreter/linkResolver.cpp, line 839]
Event: 1.106 Thread 0x00000296500f7800 Exception <a 'java/lang/NoSuchMethodError'{0x00000000ccb44b28}: 'int java.lang.invoke.DirectMethodHandle$Holder.invokeStaticInit(java.lang.Object, java.lang.Object)'> (0x00000000ccb44b28) thrown at [./src/hotspot/share/interpreter/linkResolver.cpp, line 773]
Event: 1.429 Thread 0x00000296500f7800 Implicit null exception at 0x000002964244b977 to 0x000002964244beec
Event: 1.991 Thread 0x00000296500f7800 Implicit null exception at 0x000002964244c8f4 to 0x000002964244ce80

Events (20 events):
Event: 1.980 loading class com/intellij/database/remote/jdbc/impl/RemoteStatementImpl_Stub
Event: 1.980 loading class com/intellij/database/remote/jdbc/impl/RemoteStatementImpl_Stub done
Event: 1.998 loading class com/intellij/database/remote/jdbc/impl/RemoteResultSetImpl
Event: 1.998 loading class com/intellij/database/remote/jdbc/impl/RemoteResultSetImpl done
Event: 1.999 Executing VM operation: CollectForMetadataAllocation
Event: 2.002 Executing VM operation: CollectForMetadataAllocation done
Event: 2.006 loading class com/intellij/database/remote/jdbc/impl/RemoteResultSetImpl_Stub
Event: 2.006 loading class com/intellij/database/remote/jdbc/impl/RemoteResultSetImpl_Stub done
Event: 2.006 loading class com/intellij/database/remote/jdbc/RemoteRef
Event: 2.006 loading class com/intellij/database/remote/jdbc/RemoteRef done
Event: 2.007 loading class com/intellij/database/remote/jdbc/RemoteArray
Event: 2.007 loading class com/intellij/database/remote/jdbc/RemoteArray done
Event: 2.007 loading class com/intellij/database/remote/jdbc/RemoteResultSetMetaData
Event: 2.007 loading class com/intellij/database/remote/jdbc/RemoteResultSetMetaData done
Event: 2.007 loading class com/intellij/database/remote/jdbc/RemoteBlob
Event: 2.007 loading class com/intellij/database/remote/jdbc/RemoteBlob done
Event: 2.007 loading class com/intellij/database/remote/jdbc/RemoteClob
Event: 2.007 loading class com/intellij/database/remote/jdbc/RemoteClob done
Event: 2.011 Executing VM operation: CGC_Operation
Event: 2.014 Executing VM operation: CGC_Operation done


Dynamic libraries:
0x00007ff70d980000 - 0x00007ff70d98a000 	C:\Program Files\JetBrains\IntelliJ IDEA 2021.2\jbr\bin\java.exe
0x00007ffff3130000 - 0x00007ffff3325000 	C:\Windows\SYSTEM32\ntdll.dll
0x00007ffff2720000 - 0x00007ffff27dd000 	C:\Windows\System32\KERNEL32.DLL
0x00007ffff0cb0000 - 0x00007ffff0f79000 	C:\Windows\System32\KERNELBASE.dll
0x00007ffff0980000 - 0x00007ffff0a80000 	C:\Windows\System32\ucrtbase.dll
0x00007fffdec80000 - 0x00007fffdec97000 	C:\Program Files\JetBrains\IntelliJ IDEA 2021.2\jbr\bin\VCRUNTIME140.dll
0x00007fffdee60000 - 0x00007fffdee79000 	C:\Program Files\JetBrains\IntelliJ IDEA 2021.2\jbr\bin\jli.dll
0x00007ffff1190000 - 0x00007ffff1330000 	C:\Windows\System32\USER32.dll
0x00007ffff08c0000 - 0x00007ffff08e2000 	C:\Windows\System32\win32u.dll
0x00007ffff2430000 - 0x00007ffff245a000 	C:\Windows\System32\GDI32.dll
0x00007ffff0ba0000 - 0x00007ffff0cab000 	C:\Windows\System32\gdi32full.dll
0x00007fffe1d40000 - 0x00007fffe1fda000 	C:\Windows\WinSxS\amd64_microsoft.windows.common-controls_6595b64144ccf1df_6.0.19041.1110_none_60b5254171f9507e\COMCTL32.dll
0x00007ffff0a80000 - 0x00007ffff0b1d000 	C:\Windows\System32\msvcp_win.dll
0x00007ffff1590000 - 0x00007ffff162e000 	C:\Windows\System32\msvcrt.dll
0x00007ffff1a00000 - 0x00007ffff1a30000 	C:\Windows\System32\IMM32.DLL
0x00007fffcfad0000 - 0x00007fffcfb6d000 	C:\Program Files\JetBrains\IntelliJ IDEA 2021.2\jbr\bin\msvcp140.dll
0x00007fffadef0000 - 0x00007fffaea3a000 	C:\Program Files\JetBrains\IntelliJ IDEA 2021.2\jbr\bin\server\jvm.dll
0x00007ffff2670000 - 0x00007ffff271c000 	C:\Windows\System32\ADVAPI32.dll
0x00007ffff1960000 - 0x00007ffff19fb000 	C:\Windows\System32\sechost.dll
0x00007ffff2fc0000 - 0x00007ffff30ea000 	C:\Windows\System32\RPCRT4.dll
0x00007ffff14b0000 - 0x00007ffff14b8000 	C:\Windows\System32\PSAPI.DLL
0x00007fffe7410000 - 0x00007fffe7437000 	C:\Windows\SYSTEM32\WINMM.dll
0x00007fffe8fc0000 - 0x00007fffe8fca000 	C:\Windows\SYSTEM32\VERSION.dll
0x00007fffeda80000 - 0x00007fffeda89000 	C:\Windows\SYSTEM32\WSOCK32.dll
0x00007ffff1b90000 - 0x00007ffff1bfb000 	C:\Windows\System32\WS2_32.dll
0x00007fffee770000 - 0x00007fffee782000 	C:\Windows\SYSTEM32\kernel.appcore.dll
0x00007fffebc80000 - 0x00007fffebc91000 	C:\Program Files\JetBrains\IntelliJ IDEA 2021.2\jbr\bin\verify.dll
0x00007fffdc6c0000 - 0x00007fffdc8a4000 	C:\Windows\SYSTEM32\DBGHELP.DLL
0x00007fffdc640000 - 0x00007fffdc66c000 	C:\Windows\SYSTEM32\dbgcore.DLL
0x00007ffff08f0000 - 0x00007ffff0973000 	C:\Windows\System32\bcryptPrimitives.dll
0x00007fffeb730000 - 0x00007fffeb759000 	C:\Program Files\JetBrains\IntelliJ IDEA 2021.2\jbr\bin\java.dll
0x00007fffec580000 - 0x00007fffec58b000 	C:\Program Files\JetBrains\IntelliJ IDEA 2021.2\jbr\bin\jimage.dll
0x00007fffeb710000 - 0x00007fffeb728000 	C:\Program Files\JetBrains\IntelliJ IDEA 2021.2\jbr\bin\zip.dll
0x00007ffff1cf0000 - 0x00007ffff242f000 	C:\Windows\System32\SHELL32.dll
0x00007fffee970000 - 0x00007fffef100000 	C:\Windows\SYSTEM32\windows.storage.dll
0x00007ffff2c60000 - 0x00007ffff2fb5000 	C:\Windows\System32\combase.dll
0x00007ffff0250000 - 0x00007ffff027c000 	C:\Windows\SYSTEM32\Wldp.dll
0x00007ffff18b0000 - 0x00007ffff195e000 	C:\Windows\System32\SHCORE.dll
0x00007ffff1330000 - 0x00007ffff1385000 	C:\Windows\System32\shlwapi.dll
0x00007ffff07a0000 - 0x00007ffff07bf000 	C:\Windows\SYSTEM32\profapi.dll
0x00007fffeaa80000 - 0x00007fffeaa9a000 	C:\Program Files\JetBrains\IntelliJ IDEA 2021.2\jbr\bin\net.dll
0x00007fffe2140000 - 0x00007fffe2248000 	C:\Windows\SYSTEM32\WINHTTP.dll
0x00007fffeff50000 - 0x00007fffeffba000 	C:\Windows\system32\mswsock.dll
0x00007fffeaa60000 - 0x00007fffeaa74000 	C:\Program Files\JetBrains\IntelliJ IDEA 2021.2\jbr\bin\nio.dll
0x00007ffff0150000 - 0x00007ffff0168000 	C:\Windows\SYSTEM32\CRYPTSP.dll
0x00007fffef8d0000 - 0x00007fffef904000 	C:\Windows\system32\rsaenh.dll
0x00007ffff0b70000 - 0x00007ffff0b97000 	C:\Windows\System32\bcrypt.dll
0x00007ffff0760000 - 0x00007ffff078e000 	C:\Windows\SYSTEM32\USERENV.dll
0x00007ffff0140000 - 0x00007ffff014c000 	C:\Windows\SYSTEM32\CRYPTBASE.dll
0x00007fffefc40000 - 0x00007fffefc7b000 	C:\Windows\SYSTEM32\IPHLPAPI.DLL
0x00007ffff1aa0000 - 0x00007ffff1aa8000 	C:\Windows\System32\NSI.dll
0x00007fffe7f00000 - 0x00007fffe7f17000 	C:\Windows\SYSTEM32\dhcpcsvc6.DLL
0x00007fffe8e70000 - 0x00007fffe8e8d000 	C:\Windows\SYSTEM32\dhcpcsvc.DLL
0x00007fffefc80000 - 0x00007fffefd4c000 	C:\Windows\SYSTEM32\DNSAPI.dll
0x00007fffe5200000 - 0x00007fffe5208000 	C:\Program Files\JetBrains\IntelliJ IDEA 2021.2\jbr\bin\rmi.dll
0x00007fffe2060000 - 0x00007fffe206a000 	C:\Windows\System32\rasadhlp.dll
0x00007fffe20c0000 - 0x00007fffe213f000 	C:\Windows\System32\fwpuclnt.dll
0x00007fffe0db0000 - 0x00007fffe0dd8000 	C:\Program Files\JetBrains\IntelliJ IDEA 2021.2\jbr\bin\sunec.dll

dbghelp: loaded successfully - version: 4.0.5 - missing functions: none
symbol engine: initialized successfully - sym options: 0x614 - pdb path: .;C:\Program Files\JetBrains\IntelliJ IDEA 2021.2\jbr\bin;C:\Windows\SYSTEM32;C:\Windows\WinSxS\amd64_microsoft.windows.common-controls_6595b64144ccf1df_6.0.19041.1110_none_60b5254171f9507e;C:\Program Files\JetBrains\IntelliJ IDEA 2021.2\jbr\bin\server

VM Arguments:
jvm_args: -Djava.rmi.server.hostname=127.0.0.1 -Duser.timezone=UTC -Xmx947m -Xms128m -Dfile.encoding=UTF-8 
java_command: com.intellij.database.remote.RemoteJdbcServer com.mysql.cj.jdbc.Driver
java_class_path (initial): C:\Program Files\JetBrains\IntelliJ IDEA 2021.2\lib\util.jar;C:\Program Files\JetBrains\IntelliJ IDEA 2021.2\lib\groovy-2.5.14.jar;C:\Program Files\JetBrains\IntelliJ IDEA 2021.2\plugins\DatabaseTools\lib\jdbc-console.jar;C:\Users\Lavinia\AppData\Roaming\JetBrains\IntelliJIdea2021.2\jdbc-drivers\MySQL ConnectorJ\8.0.25\mysql-connector-java-8.0.25.jar
Launcher Type: SUN_STANDARD

[Global flags]
     intx CICompilerCount                          = 3                                         {product} {ergonomic}
     uint ConcGCThreads                            = 2                                         {product} {ergonomic}
     uint G1ConcRefinementThreads                  = 6                                         {product} {ergonomic}
   size_t G1HeapRegionSize                         = 1048576                                   {product} {ergonomic}
    uintx GCDrainStackTargetSize                   = 64                                        {product} {ergonomic}
   size_t InitialHeapSize                          = 134217728                                 {product} {command line}
   size_t MarkStackSize                            = 4194304                                   {product} {ergonomic}
   size_t MaxHeapSize                              = 994050048                                 {product} {command line, ergonomic}
   size_t MaxNewSize                               = 595591168                                 {product} {ergonomic}
   size_t MinHeapDeltaBytes                        = 1048576                                   {product} {ergonomic}
    uintx NonNMethodCodeHeapSize                   = 5830732                                {pd product} {ergonomic}
    uintx NonProfiledCodeHeapSize                  = 122913754                              {pd product} {ergonomic}
    uintx ProfiledCodeHeapSize                     = 122913754                              {pd product} {ergonomic}
    uintx ReservedCodeCacheSize                    = 251658240                              {pd product} {ergonomic}
     bool SegmentedCodeCache                       = true                                      {product} {ergonomic}
     bool UseCompressedClassPointers               = true                                 {lp64_product} {ergonomic}
     bool UseCompressedOops                        = true                                 {lp64_product} {ergonomic}
     bool UseG1GC                                  = true                                      {product} {ergonomic}
     bool UseLargePagesIndividualAllocation        = false                                  {pd product} {ergonomic}

Logging:
Log output configuration:
 #0: stdout all=warning uptime,level,tags
 #1: stderr all=off uptime,level,tags

Environment Variables:
PATH=C:\Windows\system32;C:\Windows;C:\Windows\System32\Wbem;C:\Windows\System32\WindowsPowerShell\v1.0\;C:\Windows\System32\OpenSSH\;C:\Xilinx92i\bin\nt;C:\Program Files\Microsoft SQL Server\120\Tools\Binn\;C:\Program Files\Git\cmd;C:\Program Files\MySQL\MySQL Shell 8.0\bin\;C:\Users\Lavinia\AppData\Local\Microsoft\WindowsApps;;C:\OJI\FP\bin\i386-Win32;C:\Modeltech_xe_starter\win32xoem;C:\Users\Lavinia\AppData\Local\Programs\Microsoft VS Code\bin
USERNAME=Lavinia
OS=Windows_NT
PROCESSOR_IDENTIFIER=AMD64 Family 23 Model 96 Stepping 1, AuthenticAMD



---------------  S Y S T E M  ---------------

OS: Windows 10 , 64 bit Build 19041 (10.0.19041.1151)
OS uptime: 1 days 20:08 hours

CPU:total 6 (initial active 6) (6 cores per cpu, 1 threads per core) family 23 model 96 stepping 1 microcode 0x0, cmov, cx8, fxsr, mmx, sse, sse2, sse3, ssse3, sse4.1, sse4.2, popcnt, avx, avx2, aes, clmul, mmxext, 3dnowpref, lzcnt, sse4a, tsc, tscinvbit, tscinv, bmi1, bmi2, adx, sha, 

Memory: 4k page, system-wide physical 7579M (788M free)
TotalPageFile size 7579M (AvailPageFile size 5M)
current process WorkingSet (physical memory assigned to process): 106M, peak: 106M
current process commit charge ("private bytes"): 232M, peak: 233M

vm_info: OpenJDK 64-Bit Server VM (11.0.11+9-b1504.13) for windows-amd64 JRE (11.0.11+9-b1504.13), built on Jul 18 2021 03:17:44 by "" with MS VC++ 14.0 (VS2015)

END.
